2022-03-02 16:41:41--24,N,12327.1408,W,2,08,01.0,17.1,M,-18.2,M,04.0,0131*69
$GPGLL,4839.21,N,12327.14,W,004141,A,D*55
$GPRMB,V,,,,,,,,,,,,,D*58
$GPRMC,004141,A,4839.212,N,12327.141,W,00.1,006,030322,011.8,E,D*2B
$GPVTG,006,T,354,M,00.1,N,00.2,K,D*21
$GPZDA,004141,03,03,2022,08,00*42
$GPZTG,,,*72
$PMVXG,412,004142,0,0,4839.2124,N,12327.1408,W,,,17.1,006,00.1,5,004142,5,1,1,0.0,0.1
2022-03-02 16:41:42--$GPDTM,W84,,0000.0000,N,00000.0000,E,,W84*71
$GPGGA,004142,4839.2124,N,12327.1408,W,2,08,01.0,17.1,M,-18.2,M,05.0,0131*6B
$GPGLL,4839.21,N,12327.14,W,004142,A,D*56
$GPRMB,V,,,,,,,,,,,,,D*58
$GPRMC,004142,A,4839.212,N,12327.141,W,00.1,012,030322,011.8,E,D*2D
$GPVTG,012,T,000,M,00.1,N,00.1,K,D*25
$GPZDA,004142,03,03,2022,08,00*41
$GPZTG,,,*72
$PMVXG,412,004143,0,0,4839.2124,N,12327.1408,W,,,17.1,012,00.1,5,004143,5,1,1,0.0,0.0
2022-03-02 16:41:43--$GPDTM,W84,,0000.0000,N,00000.0000,E,,W84*71
$GPGGA,004143,4839.2124,N,12327.1408,W,2,08,01.0,17.1,M,-18.2,M,06.0,0131*69
$GPGLL,4839.21,N,12327.14,W,004143,A,D*57
$GPRMB,V,,,,,,,,,,,,,D*58
$GPRMC,004143,A,4839.212,N,12327.141,W,00.0,014,030322,011.8,E,D*2B
$GPVTG,014,T,002,M,00.0,N,00.1,K,D*20
$GPZDA,004143,03,03,2022,08,00*40
$GPZTG,,,*72
$PMVXG,412,004144,0,0,4839.2124,N,12327.1408,W,,,17.1,014,00.0,5,004144,5,1,1,0.0,0.0
2022-03-02 16:41:44--$GPDTM,W84,,0000.0000,N,00000.0000,E,,W84*71
$GPGGA,004144,4839.2124,N,12327.1408,W,2,08,01.0,17.1,M,-18.2,M,07.0,0131*6F
$GPGLL,4839.21,N,12327.14,W,004144,A,D*50
$GPRMB,V,,,,,,,,,,,,,D*58
$GPRMC,004144,A,4839.212,N,12327.141,W,00.1,003,030322,011.8,E,D*2B
$GPVTG,003,T,351,M,00.1,N,00.1,K,D*22
$GPZDA,004144,03,03,2022,08,00*47
$GPZTG,,,*72
$PMVXG,412,004145,0,0,4839.2124,N,12327.1408,W,,,17.1,003,00.1,5,004145,5,1,1,0.0,0.0
